Marking ID: 3-001
ctUtilsPower : INFO : Setting Freq,Power Mode: 800000,ECO
ctUtilsPower : INFO : Current Frequency: 800000
ctUtilsPower : INFO : Current Power Mode: ECO
ctUtilsPower : INFO : All voltages are within the acceptable range.
Voltage rails in ECO :  using /home/untether/fw_repo_v0.741/bqcmfw/bqATE/hwlab/Python/../../hwlab for hwlab path
VDDP: 449
VDDM: 542
VDDCORE: 746
VDDHF: 539
VDDIO: 1796
VDDWL: 765

info : PCIe information:
info : PCIe Generation Speed: 32GT/s
info : PCIe Link Width: x16
info : PCIe card is compliant with 32GT/s and x16: PASS

Environment Output:
BQATE_VERSION_MAJOR     0
BQATE_VERSION_MINOR     120
BQATE_VERSION_PATCH     0

# SpeedAI tool version:   v0.0.0-1072860-86e5c4a750
# chip_id=LT6V279.W1.X10.Y4
# user=untether
# host=slt-testing
# curr_time=2025-01-13_19-17-53
# freq_mhz= 800000
# Diagnostic fw version: v0.741
# Chip version: A0
# Board Type=ORBIT
# vddm_mv=542
# vddp_mv=449
# vddcore_mv=750
# vcc12_mv=11842
# vddwl_mv=765
# vddio_mv=1800
# vddhf_mv=539
# vcc1v8_mv=1796
# vpcie_io_mv=1207
# vpcie_mv=765
# b4_vdd_mv=757
# iddm_ma=7500
# iddp_ma=1500
# iddcore_ma=5750
# icc12_ma=2128
# iddwl_ma=0
# iddio_ma=0
# iddhf_ma=78
# icc1v8_ma=27
# ipcie_io_ma=562
# ipcie_ma=0
# b4_idd_ma=3437
End of Environment Output

Powermode: ECO
TestSuite: CHIP_SCREENING_PARTIAL
Frequency: 800000
Log file Path: log_741/screening_LT6V279.W1.X10.Y4_3-001_800000_ECO_20250113_191748.log
chipver: Chip version: A0
Banks Failed after CRAM test: {368}
Banks Repairable after CRAM test: {50, 102}
Repairing CRAM Bank: 50
CRAM Repair Data for Bank 50: [115, 689645864]
Repairing CRAM Bank: 102
CRAM Repair Data for Bank 102: [50, 688204072]
Banks Failed after CRAM test: {368}
Banks Failed: {368}
Total Numbers of Banks Failed: 1
Bank Coordinates with failures: [[14, 4]]
Columns with failures: {14}
Repair Data Applied: {50: [115, 689645864], 102: [50, 688204072]}
Failures by Test: {'ATE_CMD_BANK_PE_ALL_REG_ACCESS': set(), 'ATE_CMD_BANK_PE_MACC': set(), 'ATE_CMD_BANK_PE_MULT5X5': set(), 'ATE_CMD_BANK_PE_ACC': set(), 'ATE_CMD_BANK_PE_ROTATE': set(), 'ATE_CMD_BANK_PE_NORM_PRIORITY': {368}, 'ATE_CMD_BANK_PE_GEMV_FP8': {368}, 'ATE_CMD_BANK_PE_GEMV_FP8_SFP16': {368}, 'ATE_CMD_BANK_PE_GEMV_SFP16': {368}, 'ATE_CMD_BANK_PE_GEMV_INT4': {368}, 'ATE_CMD_BANK_PE_GEMV_INT8': {368}, 'ATE_CMD_BANK_PE_ROW_REDUCE': set(), 'ATE_CMD_BANK_PE_NORM_REDUCE_ADDER': {368}, 'ATE_CMD_BANK_PE_NORM_BYTEADDER_SHIFT_PRIO': {368}, 'ATE_CMD_BANK_PE_GEMV_BROADCAST': {368}, 'ATE_CMD_BANK_PE_GEMV_SPARSITY': {368}, 'ATE_CMD_BANK_PE_NORM_DATA_MUX': {368}, 'ATE_CMD_BANK_GEMV_HALF_ZERO': {368}, 'ATE_CMD_BANK_PE_NORM': set(), 'ATE_CMD_BANK_NOC_PERECV_STORE_FRWD_NS': set(), 'ATE_CMD_BANK_NOC_PERECV_STORE_FRWD_SN': set(), 'ATE_CMD_BANK_NOC_PASSTHROUGH_N': set(), 'ATE_CMD_BANK_NOC_PASSTHROUGH_S': set(), 'ATE_CMD_BANK_NOC_PASSTHROUGH_W': set(), 'ATE_CMD_BANK_NOC_ROUTE_N': set(), 'ATE_CMD_BANK_NOC_ROUTE_S': set(), 'ATE_CMD_BANK_NOC_ROUTE_W': set(), 'ATE_CMD_BANK_NOC_BUFFER': set(), 'ATE_CMD_BANK_CRAM_BIST_10N': {368}, 'ATE_CMD_BANK_CRAM_BIST_FULL': {368}, 'ATE_CMD_BANK_CRAM_BIST_B2B': {368}, 'ATE_CMD_BANK_CRAM_BIST_BURST': {368}, 'ATE_CMD_CMCM_ALL_FUNCTIONAL': [1, 1, 1, 1, 1, 1, 1, 1, 1, 1, 1], 'ATE_CMD_UCM_ALL': [53245, 53245], 'ATE_CMD_PCM_BANK_IDC_PING_S': [], 'ATE_CMD_DDR_APB_ACCESS': [], 'ATE_CMD_DDR_MCU_MEM': [], 'ATE_CMD_DDR_ACK_HO': [], 'ATE_CMD_DDR_ACK_FS': [], 'ATE_CMD_DDR_PHYINIT_TRAIN_NORTH': [], 'ATE_CMD_DDR_PHYINIT_ALL_NORTH_WR_RD': [], 'ATE_CMD_DDR_MEM_SWP_WRRD_N': [], 'ATE_CMD_DDR_MEM_SWP_RDLOOP_N': [], 'ATE_CMD_DDR_PHYINIT_TRAIN_EAST': [], 'ATE_CMD_DDR_PHYINIT_ALL_EAST_WR_RD': [], 'ATE_CMD_DDR_MEM_SWP_WRRD_E': [], 'ATE_CMD_DDR_MEM_SWP_RDLOOP_E': [], 'ATE_CMD_DDR_PHYINIT_FULL': []}
*****Test Summary****
Test Name: ATE_CMD_BANK_PE_ALL_REG_ACCESS : PASS
Test Name: ATE_CMD_BANK_PE_MACC : PASS
Test Name: ATE_CMD_BANK_PE_MULT5X5 : PASS
Test Name: ATE_CMD_BANK_PE_ACC : PASS
Test Name: ATE_CMD_BANK_PE_ROTATE : PASS
Test Name: ATE_CMD_BANK_PE_NORM_PRIORITY : FAIL
Test Name: ATE_CMD_BANK_PE_GEMV_FP8 : FAIL
Test Name: ATE_CMD_BANK_PE_GEMV_FP8_SFP16 : FAIL
Test Name: ATE_CMD_BANK_PE_GEMV_SFP16 : FAIL
Test Name: ATE_CMD_BANK_PE_GEMV_INT4 : FAIL
Test Name: ATE_CMD_BANK_PE_GEMV_INT8 : FAIL
Test Name: ATE_CMD_BANK_PE_ROW_REDUCE : PASS
Test Name: ATE_CMD_BANK_PE_NORM_REDUCE_ADDER : FAIL
Test Name: ATE_CMD_BANK_PE_NORM_BYTEADDER_SHIFT_PRIO : FAIL
Test Name: ATE_CMD_BANK_PE_GEMV_BROADCAST : FAIL
Test Name: ATE_CMD_BANK_PE_GEMV_SPARSITY : FAIL
Test Name: ATE_CMD_BANK_PE_NORM_DATA_MUX : FAIL
Test Name: ATE_CMD_BANK_GEMV_HALF_ZERO : FAIL
Test Name: ATE_CMD_BANK_PE_NORM : PASS
Test Name: ATE_CMD_BANK_NOC_PERECV_STORE_FRWD_NS : PASS
Test Name: ATE_CMD_BANK_NOC_PERECV_STORE_FRWD_SN : PASS
Test Name: ATE_CMD_BANK_NOC_PASSTHROUGH_N : PASS
Test Name: ATE_CMD_BANK_NOC_PASSTHROUGH_S : PASS
Test Name: ATE_CMD_BANK_NOC_PASSTHROUGH_W : PASS
Test Name: ATE_CMD_BANK_NOC_ROUTE_N : PASS
Test Name: ATE_CMD_BANK_NOC_ROUTE_S : PASS
Test Name: ATE_CMD_BANK_NOC_ROUTE_W : PASS
Test Name: ATE_CMD_BANK_NOC_BUFFER : PASS
Test Name: ATE_CMD_BANK_CRAM_BIST_10N : FAIL
Test Name: ATE_CMD_BANK_CRAM_BIST_FULL : FAIL
Test Name: ATE_CMD_BANK_CRAM_BIST_B2B : FAIL
Test Name: ATE_CMD_BANK_CRAM_BIST_BURST : FAIL
Test Name: ATE_CMD_CMCM_ALL_FUNCTIONAL : PASS
Test Name: ATE_CMD_UCM_ALL : PASS
Test Name: ATE_CMD_PCM_BANK_IDC_PING_S : PASS
Test Name: ATE_CMD_DDR_APB_ACCESS : PASS
Test Name: ATE_CMD_DDR_MCU_MEM : PASS
Test Name: ATE_CMD_DDR_ACK_HO : PASS
Test Name: ATE_CMD_DDR_ACK_FS : PASS
Test Name: ATE_CMD_DDR_PHYINIT_TRAIN_NORTH : PASS
Test Name: ATE_CMD_DDR_PHYINIT_ALL_NORTH_WR_RD : PASS
Test Name: ATE_CMD_DDR_MEM_SWP_WRRD_N : PASS
Test Name: ATE_CMD_DDR_MEM_SWP_RDLOOP_N : PASS
Test Name: ATE_CMD_DDR_PHYINIT_TRAIN_EAST : PASS
Test Name: ATE_CMD_DDR_PHYINIT_ALL_EAST_WR_RD : PASS
Test Name: ATE_CMD_DDR_MEM_SWP_WRRD_E : PASS
Test Name: ATE_CMD_DDR_MEM_SWP_RDLOOP_E : PASS
Test Name: ATE_CMD_DDR_PHYINIT_FULL : PASS
**ATE_CMD_BANK_GEMV_POWER_STATUS_CHECK Passed***
Failed Banks: set()

Environment Output:
BQATE_VERSION_MAJOR     0
BQATE_VERSION_MINOR     120
BQATE_VERSION_PATCH     0

# SpeedAI tool version:   v0.0.0-1072860-86e5c4a750
# chip_id=LT6V279.W1.X10.Y4
# user=untether
# host=slt-testing
# curr_time=2025-01-13_19-48-33
# freq_mhz= 800000
# Diagnostic fw version: v0.741
# Chip version: A0
# Board Type=ORBIT
# vddm_mv=542
# vddp_mv=449
# vddcore_mv=750
# vcc12_mv=11842
# vddwl_mv=765
# vddio_mv=1796
# vddhf_mv=542
# vcc1v8_mv=1796
# vpcie_io_mv=1207
# vpcie_mv=765
# b4_vdd_mv=757
# iddm_ma=7750
# iddp_ma=2000
# iddcore_ma=7375
# icc12_ma=2242
# iddwl_ma=0
# iddio_ma=0
# iddhf_ma=109
# icc1v8_ma=27
# ipcie_io_ma=625
# ipcie_ma=0
# b4_idd_ma=2937
End of Environment Output

